<?xml version="1.0" encoding="UTF-8"?>
<coverage generated="1585504875669" clover="3.2.0">
  <project timestamp="1585504875669" name="All files">
    <metrics statements="18" coveredstatements="2" conditionals="8" coveredconditionals="0" methods="7" coveredmethods="1" elements="33" coveredelements="3" complexity="0" loc="18" ncloc="18" packages="1" files="1" classes="1"/>
    <file name="product.service.ts" path="C:\Users\leopoldus\WebstormProjects\loginAppz-functions\functions\src\products\product.service.ts">
      <metrics statements="18" coveredstatements="2" conditionals="8" coveredconditionals="0" methods="7" coveredmethods="1"/>
      <line num="6" count="1" type="stmt"/>
      <line num="8" count="1" type="stmt"/>
      <line num="11" count="0" type="cond" truecount="0" falsecount="2"/>
      <line num="12" count="0" type="stmt"/>
      <line num="13" count="0" type="cond" truecount="0" falsecount="2"/>
      <line num="14" count="0" type="stmt"/>
      <line num="16" count="0" type="stmt"/>
      <line num="21" count="0" type="stmt"/>
      <line num="22" count="0" type="stmt"/>
      <line num="26" count="0" type="cond" truecount="0" falsecount="2"/>
      <line num="28" count="0" type="stmt"/>
      <line num="29" count="0" type="stmt"/>
      <line num="34" count="0" type="stmt"/>
      <line num="36" count="0" type="cond" truecount="0" falsecount="2"/>
      <line num="38" count="0" type="stmt"/>
      <line num="39" count="0" type="stmt"/>
      <line num="41" count="0" type="stmt"/>
      <line num="45" count="0" type="stmt"/>
    </file>
  </project>
</coverage>
