{"C:\\Users\\leopoldus\\WebstormProjects\\loginAppz-functions\\functions\\src\\products\\product.service.ts": {"path":"C:\\Users\\leopoldus\\WebstormProjects\\loginAppz-functions\\functions\\src\\products\\product.service.ts","statementMap":{"0":{"start":{"line":8,"column":22},"end":{"line":8,"column":45}},"1":{"start":{"line":11,"column":4},"end":{"line":12,"column":25}},"2":{"start":{"line":12,"column":6},"end":{"line":12,"column":25}},"3":{"start":{"line":13,"column":4},"end":{"line":17,"column":null}},"4":{"start":{"line":14,"column":6},"end":{"line":14,"column":52}},"5":{"start":{"line":16,"column":6},"end":{"line":16,"column":51}},"6":{"start":{"line":21,"column":4},"end":{"line":21,"column":85}},"7":{"start":{"line":21,"column":65},"end":{"line":21,"column":83}},"8":{"start":{"line":22,"column":4},"end":{"line":22,"column":89}},"9":{"start":{"line":26,"column":4},"end":{"line":35,"column":null}},"10":{"start":{"line":28,"column":19},"end":{"line":28,"column":48}},"11":{"start":{"line":29,"column":22},"end":{"line":33,"column":8}},"12":{"start":{"line":34,"column":6},"end":{"line":34,"column":79}},"13":{"start":{"line":34,"column":59},"end":{"line":34,"column":77}},"14":{"start":{"line":36,"column":4},"end":{"line":40,"column":null}},"15":{"start":{"line":38,"column":27},"end":{"line":38,"column":56}},"16":{"start":{"line":39,"column":6},"end":{"line":39,"column":55}},"17":{"start":{"line":41,"column":4},"end":{"line":41,"column":23}},"18":{"start":{"line":45,"column":4},"end":{"line":45,"column":41}},"19":{"start":{"line":6,"column":0},"end":{"line":6,"column":13}}},"fnMap":{"0":{"name":"(anonymous_0)","decl":{"start":{"line":8,"column":2},"end":{"line":8,"column":22}},"loc":{"start":{"line":8,"column":45},"end":{"line":8,"column":49}}},"1":{"name":"(anonymous_1)","decl":{"start":{"line":10,"column":2},"end":{"line":10,"column":13}},"loc":{"start":{"line":10,"column":62},"end":{"line":18,"column":3}}},"2":{"name":"(anonymous_2)","decl":{"start":{"line":20,"column":2},"end":{"line":20,"column":13}},"loc":{"start":{"line":20,"column":42},"end":{"line":23,"column":3}}},"3":{"name":"(anonymous_3)","decl":{"start":{"line":21,"column":56},"end":{"line":21,"column":61}},"loc":{"start":{"line":21,"column":65},"end":{"line":21,"column":83}}},"4":{"name":"(anonymous_4)","decl":{"start":{"line":25,"column":2},"end":{"line":25,"column":14}},"loc":{"start":{"line":25,"column":71},"end":{"line":42,"column":3}}},"5":{"name":"(anonymous_5)","decl":{"start":{"line":34,"column":50},"end":{"line":34,"column":55}},"loc":{"start":{"line":34,"column":59},"end":{"line":34,"column":77}}},"6":{"name":"(anonymous_6)","decl":{"start":{"line":44,"column":2},"end":{"line":44,"column":15}},"loc":{"start":{"line":44,"column":30},"end":{"line":46,"column":3}}}},"branchMap":{"0":{"loc":{"start":{"line":11,"column":4},"end":{"line":12,"column":25}},"type":"if","locations":[{"start":{"line":11,"column":4},"end":{"line":12,"column":25}},{"start":{"line":11,"column":4},"end":{"line":12,"column":25}}]},"1":{"loc":{"start":{"line":13,"column":4},"end":{"line":17,"column":null}},"type":"if","locations":[{"start":{"line":13,"column":4},"end":{"line":17,"column":null}},{"start":{"line":13,"column":4},"end":{"line":17,"column":null}}]},"2":{"loc":{"start":{"line":26,"column":4},"end":{"line":35,"column":null}},"type":"if","locations":[{"start":{"line":26,"column":4},"end":{"line":35,"column":null}},{"start":{"line":26,"column":4},"end":{"line":35,"column":null}}]},"3":{"loc":{"start":{"line":36,"column":4},"end":{"line":40,"column":null}},"type":"if","locations":[{"start":{"line":36,"column":4},"end":{"line":40,"column":null}},{"start":{"line":36,"column":4},"end":{"line":40,"column":null}}]}},"s":{"0":1,"1":0,"2":0,"3":0,"4":0,"5":0,"6":0,"7":0,"8":0,"9":0,"10":0,"11":0,"12":0,"13":0,"14":0,"15":0,"16":0,"17":0,"18":0,"19":1},"f":{"0":1,"1":0,"2":0,"3":0,"4":0,"5":0,"6":0},"b":{"0":[0,0],"1":[0,0],"2":[0,0],"3":[0,0]}}
}
